<?xml version="1.0" encoding="UTF-8"?>
<robot generator="Robot 6.1 (Python 3.11.4 on win32)" generated="20230816 14:27:15.485" rpa="false" schemaversion="4">
<suite id="s1" name="Amazon Testes" source="C:\CursoUdemy\RobotFramework\WebTesting\amazon_testes.robot">
<test id="s1-t1" name="Caso Test 01 - Acesso ao menu &quot;Eletrônicos&quot;" line="9">
<kw name="Abrir o navegador" library="amazon_resources" type="SETUP">
<kw name="Open Browser" library="SeleniumLibrary">
<arg>browser=chrome</arg>
<arg>options=add_experimental_option("detach", True)</arg>
<doc>Opens a new browser instance to the optional ``url``.</doc>
<msg timestamp="20230816 14:27:16.610" level="INFO">Opening browser 'chrome' to base url 'None'.</msg>
<status status="PASS" starttime="20230816 14:27:16.609" endtime="20230816 14:27:23.001"/>
</kw>
<kw name="Maximize Browser Window" library="SeleniumLibrary">
<doc>Maximizes current browser window.</doc>
<status status="PASS" starttime="20230816 14:27:23.003" endtime="20230816 14:27:23.156"/>
</kw>
<status status="PASS" starttime="20230816 14:27:16.609" endtime="20230816 14:27:23.157"/>
</kw>
<kw name="Acessar a home page do site Amazon.com.br" library="amazon_resources">
<kw name="Go To" library="SeleniumLibrary">
<arg>url=${URL}</arg>
<doc>Navigates the current browser window to the provided ``url``.</doc>
<msg timestamp="20230816 14:27:23.166" level="INFO">Opening url 'https://www.amazon.com.br/'</msg>
<status status="PASS" starttime="20230816 14:27:23.165" endtime="20230816 14:27:26.415"/>
</kw>
<kw name="Wait Until Element Is Visible" library="SeleniumLibrary">
<arg>locator=${MENU_ELETRONICOS}</arg>
<doc>Waits until the element ``locator`` is visible.</doc>
<status status="PASS" starttime="20230816 14:27:26.416" endtime="20230816 14:27:28.064"/>
</kw>
<status status="PASS" starttime="20230816 14:27:23.161" endtime="20230816 14:27:28.064"/>
</kw>
<kw name="Entrar no menu &quot;Eletrônicos&quot;" library="amazon_resources">
<kw name="Click Element" library="SeleniumLibrary">
<arg>locator=${MENU_ELETRONICOS}</arg>
<doc>Click the element identified by ``locator``.</doc>
<msg timestamp="20230816 14:27:28.070" level="INFO">Clicking element '//a[@href='/Eletronicos-e-Tecnologia/b/?ie=UTF8&amp;node=16209062011&amp;ref_=nav_cs_electronics'][contains(.,'Eletrônicos')]'.</msg>
<status status="PASS" starttime="20230816 14:27:28.066" endtime="20230816 14:27:28.818"/>
</kw>
<status status="PASS" starttime="20230816 14:27:28.066" endtime="20230816 14:27:28.818"/>
</kw>
<kw name="Verificar se aparece a frase &quot;Eletrônicos e Tecnologia&quot;" library="amazon_resources">
<kw name="Wait Until Page Contains" library="SeleniumLibrary">
<arg>text=${TEXTO_HEADER_ELETRONICOS}</arg>
<doc>Waits until ``text`` appears on the current page.</doc>
<status status="PASS" starttime="20230816 14:27:28.827" endtime="20230816 14:27:29.200"/>
</kw>
<kw name="Wait Until Element Is Visible" library="SeleniumLibrary">
<arg>locator=${HEADER_ELETRONICOS}</arg>
<doc>Waits until the element ``locator`` is visible.</doc>
<status status="PASS" starttime="20230816 14:27:29.201" endtime="20230816 14:27:29.513"/>
</kw>
<status status="PASS" starttime="20230816 14:27:28.826" endtime="20230816 14:27:29.513"/>
</kw>
<doc>Esse teste verifica o menu eletronicos do site da Amazon.com.br
e verifica a categoria Computadores e informatica</doc>
<tag>categorias</tag>
<tag>menus</tag>
<status status="PASS" starttime="20230816 14:27:16.607" endtime="20230816 14:27:29.515"/>
</test>
<doc>Essa suíte testa o site da Amazon</doc>
<status status="PASS" starttime="20230816 14:27:15.488" endtime="20230816 14:27:29.526"/>
</suite>
<statistics>
<total>
<stat pass="1" fail="0" skip="0">All Tests</stat>
</total>
<tag>
<stat pass="1" fail="0" skip="0">categorias</stat>
<stat pass="1" fail="0" skip="0">menus</stat>
</tag>
<suite>
<stat pass="1" fail="0" skip="0" id="s1" name="Amazon Testes">Amazon Testes</stat>
</suite>
</statistics>
<errors>
</errors>
</robot>
