<?xml version="1.0" encoding="UTF-8"?>
<robot generator="Robot 6.1 (Python 3.11.4 on win32)" generated="20230815 14:59:22.695" rpa="false" schemaversion="4">
<suite id="s1" name="Amazon Testes" source="C:\CursoUdemy\RobotFramework\WebTesting\amazon_testes.robot">
<test id="s1-t1" name="Caso Test 01 - Acesso ao menu &quot;Eletrônicos&quot;" line="9">
<kw name="Abrir o navegador" library="amazon_resources" type="SETUP">
<kw name="Open Browser" library="SeleniumLibrary">
<arg>browser=chrome</arg>
<arg>options=add_experimental_option("detach", True)</arg>
<doc>Opens a new browser instance to the optional ``url``.</doc>
<msg timestamp="20230815 14:59:23.141" level="INFO">Opening browser 'chrome' to base url 'None'.</msg>
<msg timestamp="20230815 14:59:23.145" level="INFO">Cannot capture screenshot because no browser is open.</msg>
<msg timestamp="20230815 14:59:23.145" level="FAIL">TypeError: WebDriver.__init__() got an unexpected keyword argument 'service_log_path'</msg>
<status status="FAIL" starttime="20230815 14:59:23.140" endtime="20230815 14:59:23.252"/>
</kw>
<status status="FAIL" starttime="20230815 14:59:23.140" endtime="20230815 14:59:23.252"/>
</kw>
<kw name="Fechar o navegador" library="amazon_resources" type="TEARDOWN">
<kw name="Close Browser" library="SeleniumLibrary">
<doc>Closes the current browser.</doc>
<status status="PASS" starttime="20230815 14:59:23.253" endtime="20230815 14:59:23.253"/>
</kw>
<status status="PASS" starttime="20230815 14:59:23.253" endtime="20230815 14:59:23.253"/>
</kw>
<doc>Esse teste verifica o menu eletronicos do site da Amazon.com.br
e verifica a categoria Computadores e informatica</doc>
<tag>categorias</tag>
<tag>menus</tag>
<status status="FAIL" starttime="20230815 14:59:23.139" endtime="20230815 14:59:23.253">Setup failed:
TypeError: WebDriver.__init__() got an unexpected keyword argument 'service_log_path'</status>
</test>
<test id="s1-t2" name="Caso Test 02 - Pesquisa de um Produto" line="19">
<kw name="Abrir o navegador" library="amazon_resources" type="SETUP">
<kw name="Open Browser" library="SeleniumLibrary">
<arg>browser=chrome</arg>
<arg>options=add_experimental_option("detach", True)</arg>
<doc>Opens a new browser instance to the optional ``url``.</doc>
<msg timestamp="20230815 14:59:23.257" level="INFO">Opening browser 'chrome' to base url 'None'.</msg>
<msg timestamp="20230815 14:59:23.257" level="INFO">Cannot capture screenshot because no browser is open.</msg>
<msg timestamp="20230815 14:59:23.258" level="FAIL">TypeError: WebDriver.__init__() got an unexpected keyword argument 'service_log_path'</msg>
<status status="FAIL" starttime="20230815 14:59:23.257" endtime="20230815 14:59:23.258"/>
</kw>
<status status="FAIL" starttime="20230815 14:59:23.256" endtime="20230815 14:59:23.259"/>
</kw>
<kw name="Fechar o navegador" library="amazon_resources" type="TEARDOWN">
<kw name="Close Browser" library="SeleniumLibrary">
<doc>Closes the current browser.</doc>
<status status="PASS" starttime="20230815 14:59:23.260" endtime="20230815 14:59:23.260"/>
</kw>
<status status="PASS" starttime="20230815 14:59:23.259" endtime="20230815 14:59:23.260"/>
</kw>
<doc>Esse teste verifica a busca de um produto</doc>
<tag>busca_produtos</tag>
<tag>lista_busca</tag>
<status status="FAIL" starttime="20230815 14:59:23.256" endtime="20230815 14:59:23.260">Setup failed:
TypeError: WebDriver.__init__() got an unexpected keyword argument 'service_log_path'</status>
</test>
<doc>Essa suíte testa o site da Amazon</doc>
<status status="FAIL" starttime="20230815 14:59:22.697" endtime="20230815 14:59:23.262"/>
</suite>
<statistics>
<total>
<stat pass="0" fail="2" skip="0">All Tests</stat>
</total>
<tag>
<stat pass="0" fail="1" skip="0">busca_produtos</stat>
<stat pass="0" fail="1" skip="0">categorias</stat>
<stat pass="0" fail="1" skip="0">lista_busca</stat>
<stat pass="0" fail="1" skip="0">menus</stat>
</tag>
<suite>
<stat pass="0" fail="2" skip="0" id="s1" name="Amazon Testes">Amazon Testes</stat>
</suite>
</statistics>
<errors>
</errors>
</robot>
