<?xml version="1.0" encoding="UTF-8"?>
<robot generator="Robot 6.1 (Python 3.11.4 on win32)" generated="20230816 15:36:53.735" rpa="false" schemaversion="4">
<suite id="s1" name="Amazon Testes" source="C:\CursoUdemy\RobotFramework\WebTesting\amazon_testes.robot">
<test id="s1-t1" name="Caso Test 01 - Acesso ao menu &quot;Eletrônicos&quot;" line="9">
<kw name="Abrir o navegador" library="amazon_resources" type="SETUP">
<kw name="Open Browser" library="SeleniumLibrary">
<arg>browser=chrome</arg>
<arg>options=add_experimental_option("detach", True)</arg>
<doc>Opens a new browser instance to the optional ``url``.</doc>
<msg timestamp="20230816 15:36:54.118" level="INFO">Opening browser 'chrome' to base url 'None'.</msg>
<status status="PASS" starttime="20230816 15:36:54.117" endtime="20230816 15:37:05.391"/>
</kw>
<kw name="Maximize Browser Window" library="SeleniumLibrary">
<doc>Maximizes current browser window.</doc>
<status status="PASS" starttime="20230816 15:37:05.392" endtime="20230816 15:37:05.604"/>
</kw>
<status status="PASS" starttime="20230816 15:36:54.117" endtime="20230816 15:37:05.604"/>
</kw>
<kw name="Acessar a home page do site Amazon.com.br" library="amazon_resources">
<kw name="Go To" library="SeleniumLibrary">
<arg>url=${URL}</arg>
<doc>Navigates the current browser window to the provided ``url``.</doc>
<msg timestamp="20230816 15:37:05.629" level="INFO">Opening url 'https://www.amazon.com.br/'</msg>
<status status="PASS" starttime="20230816 15:37:05.625" endtime="20230816 15:37:09.793"/>
</kw>
<kw name="Wait Until Element Is Visible" library="SeleniumLibrary">
<arg>locator=${MENU_ELETRONICOS}</arg>
<doc>Waits until the element ``locator`` is visible.</doc>
<status status="PASS" starttime="20230816 15:37:09.802" endtime="20230816 15:37:11.133"/>
</kw>
<status status="PASS" starttime="20230816 15:37:05.618" endtime="20230816 15:37:11.246"/>
</kw>
<kw name="Entrar no menu &quot;Eletrônicos&quot;" library="amazon_resources">
<kw name="Click Element" library="SeleniumLibrary">
<arg>locator=${MENU_ELETRONICOS}</arg>
<doc>Click the element identified by ``locator``.</doc>
<msg timestamp="20230816 15:37:11.446" level="INFO">Clicking element '//a[@href='/Eletronicos-e-Tecnologia/b/?ie=UTF8&amp;node=16209062011&amp;ref_=nav_cs_electronics'][contains(.,'Eletrônicos')]'.</msg>
<status status="PASS" starttime="20230816 15:37:11.369" endtime="20230816 15:37:13.303"/>
</kw>
<status status="PASS" starttime="20230816 15:37:11.291" endtime="20230816 15:37:13.303"/>
</kw>
<kw name="Verificar se aparece a frase &quot;Eletrônicos e Tecnologia&quot;" library="amazon_resources">
<kw name="Wait Until Page Contains" library="SeleniumLibrary">
<arg>text=${TEXTO_HEADER_ELETRONICOS}</arg>
<doc>Waits until ``text`` appears on the current page.</doc>
<status status="PASS" starttime="20230816 15:37:13.307" endtime="20230816 15:37:13.572"/>
</kw>
<kw name="Wait Until Element Is Visible" library="SeleniumLibrary">
<arg>locator=${HEADER_ELETRONICOS}</arg>
<doc>Waits until the element ``locator`` is visible.</doc>
<status status="PASS" starttime="20230816 15:37:13.572" endtime="20230816 15:37:14.398"/>
</kw>
<status status="PASS" starttime="20230816 15:37:13.305" endtime="20230816 15:37:14.398"/>
</kw>
<kw name="Verificar se o título da página fica &quot;Eletrônicos e Tecnologia | Amazon.com.br&quot;" library="amazon_resources" sourcename="Verificar se o título da página fica &quot;${TITULO}&quot;">
<kw name="Title Should Be" library="SeleniumLibrary">
<arg>title=${TITULO}</arg>
<doc>Verifies that the current page title equals ``title``.</doc>
<msg timestamp="20230816 15:37:14.498" level="INFO">Page title is 'Eletrônicos e Tecnologia | Amazon.com.br'.</msg>
<status status="PASS" starttime="20230816 15:37:14.407" endtime="20230816 15:37:14.498"/>
</kw>
<status status="PASS" starttime="20230816 15:37:14.403" endtime="20230816 15:37:14.498"/>
</kw>
<kw name="Verificar se aparece a categoria &quot;Computadores e Informática&quot;" library="amazon_resources" sourcename="Verificar se aparece a categoria &quot;${NOME_CATEGORIA}&quot;">
<kw name="Element Should Be Visible" library="SeleniumLibrary">
<arg>locator=//img[contains(@alt,'${NOME_CATEGORIA}')]</arg>
<doc>Verifies that the element identified by ``locator`` is visible.</doc>
<msg timestamp="20230816 15:37:15.356" level="INFO">Element '//img[contains(@alt,'Computadores e Informática')]' is displayed.</msg>
<status status="PASS" starttime="20230816 15:37:14.504" endtime="20230816 15:37:15.356"/>
</kw>
<status status="PASS" starttime="20230816 15:37:14.502" endtime="20230816 15:37:15.356"/>
</kw>
<kw name="Verificar se aparece a categoria &quot;Tablets&quot;" library="amazon_resources" sourcename="Verificar se aparece a categoria &quot;${NOME_CATEGORIA}&quot;">
<kw name="Element Should Be Visible" library="SeleniumLibrary">
<arg>locator=//img[contains(@alt,'${NOME_CATEGORIA}')]</arg>
<doc>Verifies that the element identified by ``locator`` is visible.</doc>
<msg timestamp="20230816 15:37:15.468" level="INFO">Element '//img[contains(@alt,'Tablets')]' is displayed.</msg>
<status status="PASS" starttime="20230816 15:37:15.357" endtime="20230816 15:37:15.468"/>
</kw>
<status status="PASS" starttime="20230816 15:37:15.357" endtime="20230816 15:37:15.469"/>
</kw>
<doc>Esse teste verifica o menu eletronicos do site da Amazon.com.br
e verifica a categoria Computadores e informatica</doc>
<tag>categorias</tag>
<tag>menus</tag>
<status status="PASS" starttime="20230816 15:36:54.117" endtime="20230816 15:37:15.471"/>
</test>
<doc>Essa suíte testa o site da Amazon</doc>
<status status="PASS" starttime="20230816 15:36:53.746" endtime="20230816 15:37:15.509"/>
</suite>
<statistics>
<total>
<stat pass="1" fail="0" skip="0">All Tests</stat>
</total>
<tag>
<stat pass="1" fail="0" skip="0">categorias</stat>
<stat pass="1" fail="0" skip="0">menus</stat>
</tag>
<suite>
<stat pass="1" fail="0" skip="0" id="s1" name="Amazon Testes">Amazon Testes</stat>
</suite>
</statistics>
<errors>
</errors>
</robot>
