<?xml version="1.0" encoding="UTF-8"?>
<robot generator="Robot 6.1 (Python 3.11.4 on win32)" generated="20230817 15:48:55.027" rpa="false" schemaversion="4">
<suite id="s1" name="Amazon Testes" source="C:\CursoUdemy\RobotFramework\WebTesting\amazon_testes.robot">
<test id="s1-t1" name="Caso Test 01 - Acesso ao menu &quot;Eletrônicos&quot;" line="9">
<kw name="Abrir o navegador" library="amazon_resources" type="SETUP">
<kw name="Open Browser" library="SeleniumLibrary">
<arg>browser=chrome</arg>
<arg>options=add_experimental_option("detach", True)</arg>
<doc>Opens a new browser instance to the optional ``url``.</doc>
<msg timestamp="20230817 15:48:55.394" level="INFO">Opening browser 'chrome' to base url 'None'.</msg>
<status status="PASS" starttime="20230817 15:48:55.394" endtime="20230817 15:48:59.628"/>
</kw>
<kw name="Maximize Browser Window" library="SeleniumLibrary">
<doc>Maximizes current browser window.</doc>
<status status="PASS" starttime="20230817 15:48:59.628" endtime="20230817 15:48:59.784"/>
</kw>
<status status="PASS" starttime="20230817 15:48:55.394" endtime="20230817 15:48:59.791"/>
</kw>
<kw name="Acessar a home page do site Amazon.com.br" library="amazon_resources">
<kw name="Go To" library="SeleniumLibrary">
<arg>url=${URL}</arg>
<doc>Navigates the current browser window to the provided ``url``.</doc>
<msg timestamp="20230817 15:48:59.813" level="INFO">Opening url 'https://www.amazon.com.br/'</msg>
<status status="PASS" starttime="20230817 15:48:59.811" endtime="20230817 15:49:02.744"/>
</kw>
<kw name="Wait Until Element Is Visible" library="SeleniumLibrary">
<arg>locator=${MENU_ELETRONICOS}</arg>
<doc>Waits until the element ``locator`` is visible.</doc>
<status status="PASS" starttime="20230817 15:49:02.744" endtime="20230817 15:49:03.144"/>
</kw>
<status status="PASS" starttime="20230817 15:48:59.801" endtime="20230817 15:49:03.144"/>
</kw>
<kw name="Entrar no menu &quot;Eletrônicos&quot;" library="amazon_resources">
<kw name="Click Element" library="SeleniumLibrary">
<arg>locator=${MENU_ELETRONICOS}</arg>
<doc>Click the element identified by ``locator``.</doc>
<msg timestamp="20230817 15:49:03.146" level="INFO">Clicking element '//a[@href='/Eletronicos-e-Tecnologia/b/?ie=UTF8&amp;node=16209062011&amp;ref_=nav_cs_electronics'][contains(.,'Eletrônicos')]'.</msg>
<status status="PASS" starttime="20230817 15:49:03.146" endtime="20230817 15:49:05.460"/>
</kw>
<status status="PASS" starttime="20230817 15:49:03.145" endtime="20230817 15:49:05.460"/>
</kw>
<kw name="Verificar se aparece a frase &quot;Eletrônicos e Tecnologia&quot;" library="amazon_resources">
<kw name="Wait Until Page Contains" library="SeleniumLibrary">
<arg>text=${TEXTO_HEADER_ELETRONICOS}</arg>
<doc>Waits until ``text`` appears on the current page.</doc>
<status status="PASS" starttime="20230817 15:49:05.462" endtime="20230817 15:49:05.660"/>
</kw>
<kw name="Wait Until Element Is Visible" library="SeleniumLibrary">
<arg>locator=${HEADER_ELETRONICOS}</arg>
<doc>Waits until the element ``locator`` is visible.</doc>
<status status="PASS" starttime="20230817 15:49:05.660" endtime="20230817 15:49:05.819"/>
</kw>
<status status="PASS" starttime="20230817 15:49:05.461" endtime="20230817 15:49:05.819"/>
</kw>
<kw name="Verificar se o título da página fica &quot;Eletrônicos e Tecnologia | Amazon.com.br&quot;" library="amazon_resources" sourcename="Verificar se o título da página fica &quot;${TITULO}&quot;">
<kw name="Title Should Be" library="SeleniumLibrary">
<arg>title=${TITULO}</arg>
<doc>Verifies that the current page title equals ``title``.</doc>
<msg timestamp="20230817 15:49:06.030" level="INFO">Page title is 'Eletrônicos e Tecnologia | Amazon.com.br'.</msg>
<status status="PASS" starttime="20230817 15:49:05.820" endtime="20230817 15:49:06.030"/>
</kw>
<status status="PASS" starttime="20230817 15:49:05.820" endtime="20230817 15:49:06.030"/>
</kw>
<kw name="Verificar se aparece a categoria &quot;Computadores e Informática&quot;" library="amazon_resources" sourcename="Verificar se aparece a categoria &quot;${NOME_CATEGORIA}&quot;">
<kw name="Element Should Be Visible" library="SeleniumLibrary">
<arg>locator=//img[contains(@alt,'${NOME_CATEGORIA}')]</arg>
<doc>Verifies that the element identified by ``locator`` is visible.</doc>
<msg timestamp="20230817 15:49:06.138" level="INFO">Element '//img[contains(@alt,'Computadores e Informática')]' is displayed.</msg>
<status status="PASS" starttime="20230817 15:49:06.031" endtime="20230817 15:49:06.138"/>
</kw>
<status status="PASS" starttime="20230817 15:49:06.031" endtime="20230817 15:49:06.139"/>
</kw>
<kw name="Verificar se aparece a categoria &quot;Tablets&quot;" library="amazon_resources" sourcename="Verificar se aparece a categoria &quot;${NOME_CATEGORIA}&quot;">
<kw name="Element Should Be Visible" library="SeleniumLibrary">
<arg>locator=//img[contains(@alt,'${NOME_CATEGORIA}')]</arg>
<doc>Verifies that the element identified by ``locator`` is visible.</doc>
<msg timestamp="20230817 15:49:06.246" level="INFO">Element '//img[contains(@alt,'Tablets')]' is displayed.</msg>
<status status="PASS" starttime="20230817 15:49:06.139" endtime="20230817 15:49:06.246"/>
</kw>
<status status="PASS" starttime="20230817 15:49:06.139" endtime="20230817 15:49:06.246"/>
</kw>
<kw name="Fechar o navegador" library="amazon_resources" type="TEARDOWN">
<kw name="Capture Page Screenshot" library="SeleniumLibrary">
<doc>Takes a screenshot of the current page and embeds it into a log file.</doc>
<msg timestamp="20230817 15:49:06.633" level="INFO" html="true">&lt;/td&gt;&lt;/tr&gt;&lt;tr&gt;&lt;td colspan="3"&gt;&lt;a href="selenium-screenshot-1.png"&gt;&lt;img src="selenium-screenshot-1.png" width="800px"&gt;&lt;/a&gt;</msg>
<status status="PASS" starttime="20230817 15:49:06.246" endtime="20230817 15:49:06.633"/>
</kw>
<kw name="Close Browser" library="SeleniumLibrary">
<doc>Closes the current browser.</doc>
<status status="PASS" starttime="20230817 15:49:06.633" endtime="20230817 15:49:09.440"/>
</kw>
<status status="PASS" starttime="20230817 15:49:06.246" endtime="20230817 15:49:09.440"/>
</kw>
<doc>Esse teste verifica o menu eletronicos do site da Amazon.com.br
e verifica a categoria Computadores e informatica</doc>
<tag>categorias</tag>
<tag>menus</tag>
<status status="PASS" starttime="20230817 15:48:55.393" endtime="20230817 15:49:09.441"/>
</test>
<test id="s1-t2" name="Caso Test 02 - Pesquisa de um Produto" line="20">
<kw name="Abrir o navegador" library="amazon_resources" type="SETUP">
<kw name="Open Browser" library="SeleniumLibrary">
<arg>browser=chrome</arg>
<arg>options=add_experimental_option("detach", True)</arg>
<doc>Opens a new browser instance to the optional ``url``.</doc>
<msg timestamp="20230817 15:49:09.447" level="INFO">Opening browser 'chrome' to base url 'None'.</msg>
<status status="PASS" starttime="20230817 15:49:09.447" endtime="20230817 15:49:12.264"/>
</kw>
<kw name="Maximize Browser Window" library="SeleniumLibrary">
<doc>Maximizes current browser window.</doc>
<status status="PASS" starttime="20230817 15:49:12.265" endtime="20230817 15:49:12.399"/>
</kw>
<status status="PASS" starttime="20230817 15:49:09.446" endtime="20230817 15:49:12.399"/>
</kw>
<kw name="Acessar a home page do site Amazon.com.br" library="amazon_resources">
<kw name="Go To" library="SeleniumLibrary">
<arg>url=${URL}</arg>
<doc>Navigates the current browser window to the provided ``url``.</doc>
<msg timestamp="20230817 15:49:12.402" level="INFO">Opening url 'https://www.amazon.com.br/'</msg>
<status status="PASS" starttime="20230817 15:49:12.401" endtime="20230817 15:49:14.838"/>
</kw>
<kw name="Wait Until Element Is Visible" library="SeleniumLibrary">
<arg>locator=${MENU_ELETRONICOS}</arg>
<doc>Waits until the element ``locator`` is visible.</doc>
<status status="PASS" starttime="20230817 15:49:14.839" endtime="20230817 15:49:15.248"/>
</kw>
<status status="PASS" starttime="20230817 15:49:12.401" endtime="20230817 15:49:15.248"/>
</kw>
<kw name="Digitar o nome de produto &quot;Xbox Series S&quot; no campo de pesquisa" library="amazon_resources" sourcename="Digitar o nome de produto &quot;${PRODUTO}&quot; no campo de pesquisa">
<kw name="Input Text" library="SeleniumLibrary">
<arg>locator=twotabsearchtextbox</arg>
<arg>text=${PRODUTO}</arg>
<doc>Types the given ``text`` into the text field identified by ``locator``.</doc>
<msg timestamp="20230817 15:49:15.253" level="INFO">Typing text 'Xbox Series S' into text field 'twotabsearchtextbox'.</msg>
<status status="PASS" starttime="20230817 15:49:15.252" endtime="20230817 15:49:15.512"/>
</kw>
<status status="PASS" starttime="20230817 15:49:15.250" endtime="20230817 15:49:15.512"/>
</kw>
<kw name="Clicar no botão de pesquisa" library="amazon_resources">
<kw name="Click Element" library="SeleniumLibrary">
<arg>locator=nav-search-submit-button</arg>
<doc>Click the element identified by ``locator``.</doc>
<msg timestamp="20230817 15:49:15.514" level="INFO">Clicking element 'nav-search-submit-button'.</msg>
<status status="PASS" starttime="20230817 15:49:15.513" endtime="20230817 15:49:17.796"/>
</kw>
<status status="PASS" starttime="20230817 15:49:15.513" endtime="20230817 15:49:17.796"/>
</kw>
<kw name="Verificar o resultado da pesquisa, listando o produto &quot;Console Xbox Series S&quot;." library="amazon_resources" sourcename="Verificar o resultado da pesquisa, listando o produto &quot;${PRODUTO}&quot;.">
<kw name="Wait Until Element Is Visible" library="SeleniumLibrary">
<arg>locator=//span[@class='a-size-base-plus a-color-base a-text-normal'][contains(.,'${PRODUTO}')]</arg>
<doc>Waits until the element ``locator`` is visible.</doc>
<status status="PASS" starttime="20230817 15:49:17.812" endtime="20230817 15:49:18.012"/>
</kw>
<status status="PASS" starttime="20230817 15:49:17.812" endtime="20230817 15:49:18.012"/>
</kw>
<kw name="Fechar o navegador" library="amazon_resources" type="TEARDOWN">
<kw name="Capture Page Screenshot" library="SeleniumLibrary">
<doc>Takes a screenshot of the current page and embeds it into a log file.</doc>
<msg timestamp="20230817 15:49:18.380" level="INFO" html="true">&lt;/td&gt;&lt;/tr&gt;&lt;tr&gt;&lt;td colspan="3"&gt;&lt;a href="selenium-screenshot-2.png"&gt;&lt;img src="selenium-screenshot-2.png" width="800px"&gt;&lt;/a&gt;</msg>
<status status="PASS" starttime="20230817 15:49:18.013" endtime="20230817 15:49:18.380"/>
</kw>
<kw name="Close Browser" library="SeleniumLibrary">
<doc>Closes the current browser.</doc>
<status status="PASS" starttime="20230817 15:49:18.380" endtime="20230817 15:49:21.356"/>
</kw>
<status status="PASS" starttime="20230817 15:49:18.013" endtime="20230817 15:49:21.356"/>
</kw>
<doc>Esse teste verifica a busca de um produto</doc>
<tag>busca_produtos</tag>
<tag>lista_busca</tag>
<status status="PASS" starttime="20230817 15:49:09.445" endtime="20230817 15:49:21.358"/>
</test>
<doc>Essa suíte testa o site da Amazon</doc>
<status status="PASS" starttime="20230817 15:48:55.039" endtime="20230817 15:49:21.369"/>
</suite>
<statistics>
<total>
<stat pass="2" fail="0" skip="0">All Tests</stat>
</total>
<tag>
<stat pass="1" fail="0" skip="0">busca_produtos</stat>
<stat pass="1" fail="0" skip="0">categorias</stat>
<stat pass="1" fail="0" skip="0">lista_busca</stat>
<stat pass="1" fail="0" skip="0">menus</stat>
</tag>
<suite>
<stat pass="2" fail="0" skip="0" id="s1" name="Amazon Testes">Amazon Testes</stat>
</suite>
</statistics>
<errors>
</errors>
</robot>
