<?xml version="1.0" encoding="UTF-8"?>
<robot generator="Robot 6.1 (Python 3.11.4 on win32)" generated="20230821 14:43:48.864" rpa="false" schemaversion="4">
<suite id="s1" name="Amazon Testes" source="C:\CursoUdemy\RobotFramework\WebTesting\amazon_testes.robot">
<test id="s1-t1" name="Caso de Teste 04 - Remover Produto do Carrinho" line="39">
<kw name="Abrir o navegador" library="amazon_resources" type="SETUP">
<kw name="Open Browser" library="SeleniumLibrary">
<arg>browser=chrome</arg>
<arg>options=add_experimental_option("detach", True)</arg>
<doc>Opens a new browser instance to the optional ``url``.</doc>
<msg timestamp="20230821 14:43:50.907" level="INFO">Opening browser 'chrome' to base url 'None'.</msg>
<status status="PASS" starttime="20230821 14:43:50.907" endtime="20230821 14:43:56.013"/>
</kw>
<kw name="Maximize Browser Window" library="SeleniumLibrary">
<doc>Maximizes current browser window.</doc>
<status status="PASS" starttime="20230821 14:43:56.014" endtime="20230821 14:43:56.162"/>
</kw>
<status status="PASS" starttime="20230821 14:43:50.906" endtime="20230821 14:43:56.162"/>
</kw>
<kw name="Acessar a home page do site Amazon.com.br" library="amazon_resources">
<kw name="Go To" library="SeleniumLibrary">
<arg>url=${URL}</arg>
<doc>Navigates the current browser window to the provided ``url``.</doc>
<msg timestamp="20230821 14:43:56.168" level="INFO">Opening url 'https://www.amazon.com.br/'</msg>
<status status="PASS" starttime="20230821 14:43:56.167" endtime="20230821 14:44:02.621"/>
</kw>
<kw name="Wait Until Element Is Visible" library="SeleniumLibrary">
<arg>locator=${MENU_ELETRONICOS}</arg>
<doc>Waits until the element ``locator`` is visible.</doc>
<status status="PASS" starttime="20230821 14:44:02.621" endtime="20230821 14:44:02.904"/>
</kw>
<status status="PASS" starttime="20230821 14:43:56.166" endtime="20230821 14:44:02.904"/>
</kw>
<kw name="Digitar o nome de produto &quot;Xbox Series S&quot; no campo de pesquisa" library="amazon_resources" sourcename="Digitar o nome de produto &quot;${PRODUTO}&quot; no campo de pesquisa">
<kw name="Input Text" library="SeleniumLibrary">
<arg>locator=twotabsearchtextbox</arg>
<arg>text=${PRODUTO}</arg>
<doc>Types the given ``text`` into the text field identified by ``locator``.</doc>
<msg timestamp="20230821 14:44:02.909" level="INFO">Typing text 'Xbox Series S' into text field 'twotabsearchtextbox'.</msg>
<status status="PASS" starttime="20230821 14:44:02.907" endtime="20230821 14:44:03.392"/>
</kw>
<status status="PASS" starttime="20230821 14:44:02.906" endtime="20230821 14:44:03.395"/>
</kw>
<kw name="Clicar no botão de pesquisa" library="amazon_resources">
<kw name="Click Element" library="SeleniumLibrary">
<arg>locator=nav-search-submit-button</arg>
<doc>Click the element identified by ``locator``.</doc>
<msg timestamp="20230821 14:44:03.401" level="INFO">Clicking element 'nav-search-submit-button'.</msg>
<status status="PASS" starttime="20230821 14:44:03.401" endtime="20230821 14:44:05.989"/>
</kw>
<status status="PASS" starttime="20230821 14:44:03.401" endtime="20230821 14:44:05.989"/>
</kw>
<kw name="Verificar o resultado da pesquisa se está listando o produto &quot;Console Xbox Series S&quot;" library="amazon_resources">
<kw name="Verificar o resultado da pesquisa, listando o produto &quot;Console Xbox Series S&quot;." library="amazon_resources" sourcename="Verificar o resultado da pesquisa, listando o produto &quot;${PRODUTO}&quot;.">
<kw name="Wait Until Element Is Visible" library="SeleniumLibrary">
<arg>locator=//span[@class='a-size-base-plus a-color-base a-text-normal'][contains(.,'${PRODUTO}')]</arg>
<doc>Waits until the element ``locator`` is visible.</doc>
<status status="PASS" starttime="20230821 14:44:05.998" endtime="20230821 14:44:06.131"/>
</kw>
<status status="PASS" starttime="20230821 14:44:05.996" endtime="20230821 14:44:06.131"/>
</kw>
<status status="PASS" starttime="20230821 14:44:05.994" endtime="20230821 14:44:06.131"/>
</kw>
<kw name="Adicionar o produto &quot;Console Xbox Series S&quot; no carrinho" library="amazon_resources">
<kw name="Click Element" library="SeleniumLibrary">
<arg>locator=//span[@class='a-size-base-plus a-color-base a-text-normal'][contains(.,'Console Xbox Series S')]</arg>
<doc>Click the element identified by ``locator``.</doc>
<msg timestamp="20230821 14:44:06.136" level="INFO">Clicking element '//span[@class='a-size-base-plus a-color-base a-text-normal'][contains(.,'Console Xbox Series S')]'.</msg>
<status status="PASS" starttime="20230821 14:44:06.133" endtime="20230821 14:44:12.051"/>
</kw>
<kw name="Wait Until Element Is Visible" library="SeleniumLibrary">
<arg>locator=//input[contains(@name,'submit.add-to-cart')]</arg>
<doc>Waits until the element ``locator`` is visible.</doc>
<status status="PASS" starttime="20230821 14:44:12.051" endtime="20230821 14:44:12.133"/>
</kw>
<kw name="Click Element" library="SeleniumLibrary">
<arg>locator=add-to-cart-button</arg>
<doc>Click the element identified by ``locator``.</doc>
<msg timestamp="20230821 14:44:12.137" level="INFO">Clicking element 'add-to-cart-button'.</msg>
<status status="PASS" starttime="20230821 14:44:12.133" endtime="20230821 14:44:13.707"/>
</kw>
<status status="PASS" starttime="20230821 14:44:06.133" endtime="20230821 14:44:13.707"/>
</kw>
<kw name="Verificar se o produto &quot;Console Xbox Series S&quot; foi adicionado com sucesso" library="amazon_resources">
<kw name="Click Element" library="SeleniumLibrary">
<arg>locator=//a[contains(@data-csa-c-type,'button')]</arg>
<doc>Click the element identified by ``locator``.</doc>
<msg timestamp="20230821 14:44:13.711" level="INFO">Clicking element '//a[contains(@data-csa-c-type,'button')]'.</msg>
<status status="PASS" starttime="20230821 14:44:13.709" endtime="20230821 14:44:15.244"/>
</kw>
<status status="PASS" starttime="20230821 14:44:13.709" endtime="20230821 14:44:15.244"/>
</kw>
<kw name=" Remover o produto &quot;Console Xbox Series S&quot; do carrinho" library="amazon_resources">
<kw name="Wait Until Element Is Visible" library="SeleniumLibrary">
<arg>locator=//span[@class='a-truncate-cut'][contains(.,'Console Xbox Series S')]</arg>
<doc>Waits until the element ``locator`` is visible.</doc>
<status status="PASS" starttime="20230821 14:44:15.247" endtime="20230821 14:44:15.311"/>
</kw>
<kw name="Click Element" library="SeleniumLibrary">
<arg>locator=${excluir}</arg>
<doc>Click the element identified by ``locator``.</doc>
<msg timestamp="20230821 14:44:15.312" level="INFO">Clicking element '//input[contains(@name,'submit.delete.C7c7abeac-7d03-4da8-81e8-93a650401c67')]'.</msg>
<msg timestamp="20230821 14:44:15.804" level="INFO" html="true">&lt;/td&gt;&lt;/tr&gt;&lt;tr&gt;&lt;td colspan="3"&gt;&lt;a href="selenium-screenshot-62.png"&gt;&lt;img src="selenium-screenshot-62.png" width="800px"&gt;&lt;/a&gt;</msg>
<msg timestamp="20230821 14:44:15.809" level="FAIL">Element with locator '//input[contains(@name,'submit.delete.C7c7abeac-7d03-4da8-81e8-93a650401c67')]' not found.</msg>
<status status="FAIL" starttime="20230821 14:44:15.311" endtime="20230821 14:44:15.844"/>
</kw>
<status status="FAIL" starttime="20230821 14:44:15.246" endtime="20230821 14:44:15.848"/>
</kw>
<kw name="Verificar se o carrinho fica vazio" library="amazon_resources">
<status status="NOT RUN" starttime="20230821 14:44:15.848" endtime="20230821 14:44:15.848"/>
</kw>
<kw name="Fechar o navegador" library="amazon_resources" type="TEARDOWN">
<kw name="Capture Page Screenshot" library="SeleniumLibrary">
<doc>Takes a screenshot of the current page and embeds it into a log file.</doc>
<msg timestamp="20230821 14:44:16.226" level="INFO" html="true">&lt;/td&gt;&lt;/tr&gt;&lt;tr&gt;&lt;td colspan="3"&gt;&lt;a href="selenium-screenshot-63.png"&gt;&lt;img src="selenium-screenshot-63.png" width="800px"&gt;&lt;/a&gt;</msg>
<status status="PASS" starttime="20230821 14:44:15.852" endtime="20230821 14:44:16.226"/>
</kw>
<kw name="Close Browser" library="SeleniumLibrary">
<doc>Closes the current browser.</doc>
<status status="PASS" starttime="20230821 14:44:16.226" endtime="20230821 14:44:19.874"/>
</kw>
<status status="PASS" starttime="20230821 14:44:15.852" endtime="20230821 14:44:19.877"/>
</kw>
<doc>Esse teste verifica a remoção de um produto no carrinho de compras</doc>
<tag>remover_carrinho</tag>
<status status="FAIL" starttime="20230821 14:43:50.905" endtime="20230821 14:44:19.879">Element with locator '//input[contains(@name,'submit.delete.C7c7abeac-7d03-4da8-81e8-93a650401c67')]' not found.</status>
</test>
<doc>Essa suíte testa o site da Amazon</doc>
<status status="FAIL" starttime="20230821 14:43:48.914" endtime="20230821 14:44:19.886"/>
</suite>
<statistics>
<total>
<stat pass="0" fail="1" skip="0">All Tests</stat>
</total>
<tag>
<stat pass="0" fail="1" skip="0">remover_carrinho</stat>
</tag>
<suite>
<stat pass="0" fail="1" skip="0" id="s1" name="Amazon Testes">Amazon Testes</stat>
</suite>
</statistics>
<errors>
</errors>
</robot>
